Determining if the pthread_create exist failed with the following output:
Change Dir: /home/luis/git/C-Playground/cmake-build-debug/CMakeFiles/CMakeTmp

Run Build Command:"/usr/bin/make" "cmTC_2d6d7/fast"
/usr/bin/make -f CMakeFiles/cmTC_2d6d7.dir/build.make CMakeFiles/cmTC_2d6d7.dir/build
make[1]: Entering directory '/home/luis/git/C-Playground/cmake-build-debug/CMakeFiles/CMakeTmp'
Building C object CMakeFiles/cmTC_2d6d7.dir/CheckSymbolExists.c.o
/usr/bin/gcc-7    -o CMakeFiles/cmTC_2d6d7.dir/CheckSymbolExists.c.o   -c /home/luis/git/C-Playground/cmake-build-debug/CMakeFiles/CMakeTmp/CheckSymbolExists.c
Linking C executable cmTC_2d6d7
/home/luis/clion-2018.3.1/bin/cmake/linux/bin/cmake -E cmake_link_script CMakeFiles/cmTC_2d6d7.dir/link.txt --verbose=1
/usr/bin/gcc-7      -rdynamic CMakeFiles/cmTC_2d6d7.dir/CheckSymbolExists.c.o  -o cmTC_2d6d7 
CMakeFiles/cmTC_2d6d7.dir/CheckSymbolExists.c.o: In function `main':
CheckSymbolExists.c:(.text+0x16): undefined reference to `pthread_create'
collect2: error: ld returned 1 exit status
CMakeFiles/cmTC_2d6d7.dir/build.make:86: recipe for target 'cmTC_2d6d7' failed
make[1]: *** [cmTC_2d6d7] Error 1
make[1]: Leaving directory '/home/luis/git/C-Playground/cmake-build-debug/CMakeFiles/CMakeTmp'
Makefile:121: recipe for target 'cmTC_2d6d7/fast' failed
make: *** [cmTC_2d6d7/fast] Error 2

File /home/luis/git/C-Playground/cmake-build-debug/CMakeFiles/CMakeTmp/CheckSymbolExists.c:
/* */
#include <pthread.h>

int main(int argc, char** argv)
{
  (void)argv;
#ifndef pthread_create
  return ((int*)(&pthread_create))[argc];
#else
  (void)argc;
  return 0;
#endif
}

